
2018-12-07 18:20:05,271:DEBUG:same
2018-12-07 18:21:51,395:DEBUG:same
2018-12-07 18:23:43,325:DEBUG:same
2018-12-07 18:24:52,035:DEBUG:same
2018-12-07 18:25:36,240:DEBUG:same
2018-12-10 10:50:25,772:DEBUG:same
2018-12-20 17:06:18,239:DEBUG:same
2019-01-23 16:04:07,462:DEBUG:utf-8  confidence = 0.99
2019-01-23 16:04:07,462:DEBUG:SHIFT_JIS Japanese confidence = 0.01
2019-01-23 16:04:07,462:DEBUG:EUC-JP Japanese confidence = 0.01
2019-01-23 16:04:07,462:DEBUG:GB2312 Chinese confidence = 0.01
2019-01-23 16:04:07,462:DEBUG:EUC-KR Korean confidence = 0.01
2019-01-23 16:04:07,462:DEBUG:CP949 Korean confidence = 0.01
2019-01-23 16:04:07,462:DEBUG:Big5 Chinese confidence = 0.01
2019-01-23 16:04:07,462:DEBUG:EUC-TW Taiwan confidence = 0.01
2019-01-23 16:04:07,463:DEBUG:windows-1251 Russian confidence = 0.01
2019-01-23 16:04:07,463:DEBUG:KOI8-R Russian confidence = 0.01
2019-01-23 16:04:07,463:DEBUG:ISO-8859-5 Russian confidence = 0.0
2019-01-23 16:04:07,463:DEBUG:MacCyrillic Russian confidence = 0.009132414272638893
2019-01-23 16:04:07,463:DEBUG:IBM866 Russian confidence = 0.03655420262240952
2019-01-23 16:04:07,463:DEBUG:IBM855 Russian confidence = 0.04213183953928865
2019-01-23 16:04:07,463:DEBUG:ISO-8859-7 Greek confidence = 0.0
2019-01-23 16:04:07,463:DEBUG:windows-1253 Greek confidence = 0.0
2019-01-23 16:04:07,463:DEBUG:ISO-8859-5 Bulgairan confidence = 0.0
2019-01-23 16:04:07,463:DEBUG:windows-1251 Bulgarian confidence = 0.0
2019-01-23 16:04:07,463:DEBUG:TIS-620 Thai confidence = 0.07913615686657825
2019-01-23 16:04:07,463:DEBUG:ISO-8859-9 Turkish confidence = 0.42498090371235653
2019-01-23 16:04:07,463:DEBUG:windows-1255 Hebrew confidence = 0.0
2019-01-23 16:04:07,463:DEBUG:windows-1255 Hebrew confidence = 0.0
2019-01-23 16:04:07,463:DEBUG:windows-1255 Hebrew confidence = 0.0
2019-01-23 16:04:07,463:DEBUG:utf-8  confidence = 0.99
2019-01-23 16:04:07,464:DEBUG:SHIFT_JIS Japanese confidence = 0.01
2019-01-23 16:04:07,464:DEBUG:EUC-JP Japanese confidence = 0.01
2019-01-23 16:04:07,464:DEBUG:GB2312 Chinese confidence = 0.01
2019-01-23 16:04:07,464:DEBUG:EUC-KR Korean confidence = 0.01
2019-01-23 16:04:07,464:DEBUG:CP949 Korean confidence = 0.01
2019-01-23 16:04:07,464:DEBUG:Big5 Chinese confidence = 0.01
2019-01-23 16:04:07,464:DEBUG:EUC-TW Taiwan confidence = 0.01
2019-01-23 16:05:22,399:DEBUG:utf-8  confidence = 0.99
2019-01-23 16:05:22,399:DEBUG:SHIFT_JIS Japanese confidence = 0.01
2019-01-23 16:05:22,399:DEBUG:EUC-JP Japanese confidence = 0.01
2019-01-23 16:05:22,399:DEBUG:GB2312 Chinese confidence = 0.01
2019-01-23 16:05:22,399:DEBUG:EUC-KR Korean confidence = 0.01
2019-01-23 16:05:22,399:DEBUG:CP949 Korean confidence = 0.01
2019-01-23 16:05:22,399:DEBUG:Big5 Chinese confidence = 0.01
2019-01-23 16:05:22,399:DEBUG:EUC-TW Taiwan confidence = 0.01
2019-01-23 16:05:22,399:DEBUG:windows-1251 Russian confidence = 0.01
2019-01-23 16:05:22,399:DEBUG:KOI8-R Russian confidence = 0.01
2019-01-23 16:05:22,399:DEBUG:ISO-8859-5 Russian confidence = 0.0
2019-01-23 16:05:22,399:DEBUG:MacCyrillic Russian confidence = 0.009132414272638893
2019-01-23 16:05:22,399:DEBUG:IBM866 Russian confidence = 0.03655420262240952
2019-01-23 16:05:22,399:DEBUG:IBM855 Russian confidence = 0.04213183953928865
2019-01-23 16:05:22,399:DEBUG:ISO-8859-7 Greek confidence = 0.0
2019-01-23 16:05:22,399:DEBUG:windows-1253 Greek confidence = 0.0
2019-01-23 16:05:22,399:DEBUG:ISO-8859-5 Bulgairan confidence = 0.0
2019-01-23 16:05:22,399:DEBUG:windows-1251 Bulgarian confidence = 0.0
2019-01-23 16:05:22,400:DEBUG:TIS-620 Thai confidence = 0.07913615686657825
2019-01-23 16:05:22,400:DEBUG:ISO-8859-9 Turkish confidence = 0.42498090371235653
2019-01-23 16:05:22,400:DEBUG:windows-1255 Hebrew confidence = 0.0
2019-01-23 16:05:22,400:DEBUG:windows-1255 Hebrew confidence = 0.0
2019-01-23 16:05:22,400:DEBUG:windows-1255 Hebrew confidence = 0.0
2019-01-23 16:05:22,400:DEBUG:utf-8  confidence = 0.99
2019-01-23 16:05:22,400:DEBUG:SHIFT_JIS Japanese confidence = 0.01
2019-01-23 16:05:22,400:DEBUG:EUC-JP Japanese confidence = 0.01
2019-01-23 16:05:22,400:DEBUG:GB2312 Chinese confidence = 0.01
2019-01-23 16:05:22,400:DEBUG:EUC-KR Korean confidence = 0.01
2019-01-23 16:05:22,400:DEBUG:CP949 Korean confidence = 0.01
2019-01-23 16:05:22,400:DEBUG:Big5 Chinese confidence = 0.01
2019-01-23 16:05:22,400:DEBUG:EUC-TW Taiwan confidence = 0.01
2019-01-23 16:05:22,413:DEBUG:same
2019-01-25 15:42:54,371:DEBUG:same
2019-01-25 15:44:43,132:DEBUG:same
2019-01-25 15:47:51,154:DEBUG:same
2019-01-25 15:49:18,916:DEBUG:same
2019-01-25 15:49:24,613:DEBUG:same
2019-01-25 15:49:40,871:DEBUG:same
2019-01-25 15:49:51,646:DEBUG:same
2019-01-25 15:49:59,644:DEBUG:same
